<?xml version="1.0" encoding="UTF-8"?>
<!-- Generated by org.testng.reporters.JUnitReportReporter -->
<testsuite skipped="0" hostname="DESKTOP-QMMFPSJ" name="test.AddEmployeeTest" tests="1" failures="0" timestamp="2022-05-16T22:26:16 EDT" time="10.188" errors="0">
  <testcase name="addEmployee" time="10.188" classname="test.AddEmployeeTest"/>
  <system-out/>
</testsuite> <!-- test.AddEmployeeTest -->
