<?xml version="1.0" encoding="UTF-8"?>
<!-- Generated by org.testng.reporters.JUnitReportReporter -->
<testsuite skipped="0" hostname="DESKTOP-QMMFPSJ" name="test.AddEmployeeTest" tests="1" failures="0" timestamp="2022-05-17T10:22:06 EDT" time="20.858" errors="0">
  <testcase name="addMultipleEmployee" time="20.858" classname="test.AddEmployeeTest"/>
  <system-out/>
</testsuite> <!-- test.AddEmployeeTest -->
